/home/uskrai/script/sway/autostart.sh
calling common-auto
calling common-auto
/home/uskrai/script/sway/autostart.sh
calling common-auto
/home/uskrai/script/sway/autostart.sh
calling common-auto
calling common-autostart
/home/uskrai/script/sway/change-wallpaper.sh
/home/uskrai/script/sway/autostart.sh
calling common-autostart
/home/uskrai/script/sway/change-wallpaper.sh
/home/uskrai/script/sway/lock-screen.sh
/home/uskrai/script/sway/lock-screen.sh
/home/uskrai/script/sway/lock-screen.sh
/home/uskrai/script/sway/change-wallpaper.sh
/home/uskrai/script/sway/change-wallpaper.sh
/home/uskrai/script/sway/lock-screen.sh
/home/uskrai/script/sway/change-wallpaper.sh
/home/uskrai/script/sway/change-wallpaper.sh
/home/uskrai/script/sway/change-wallpaper.sh
/home/uskrai/script/sway/change-wallpaper.sh
/home/uskrai/script/sway/change-wallpaper.sh
/home/uskrai/script/sway/change-wallpaper.sh
/home/uskrai/script/sway/lock-screen.sh
/home/uskrai/script/sway/change-wallpaper.sh
